{
  service: 'user-service',
  level: 'error',
  message: 'Error: Unhandled Exception\n' +
    '    at file:///C:/Users/ADITHYA/Desktop/myproject/index.js:15:7\n' +
    '    at ModuleJob.run (node:internal/modules/esm/module_job:268:25)\n' +
    '    at async onImport.tracePromise.__proto__ (node:internal/modules/esm/loader:543:26)\n' +
    '    at async asyncRunEntryPointWithESMLoader (node:internal/modules/run_main:116:5)'
}
{
  message: 'Error: Unhandled Exception\n' +
    '    at file:///C:/Users/ADITHYA/Desktop/myproject/index.js:15:7\n' +
    '    at ModuleJob.run (node:internal/modules/esm/module_job:268:25)\n' +
    '    at async onImport.tracePromise.__proto__ (node:internal/modules/esm/loader:543:26)\n' +
    '    at async asyncRunEntryPointWithESMLoader (node:internal/modules/run_main:116:5)',
  level: 'error',
  service: 'user-service'
}
{
  message: 'Error: Unhandled Exception\n' +
    '    at file:///C:/Users/ADITHYA/Desktop/myproject/index.js:15:7\n' +
    '    at ModuleJob.run (node:internal/modules/esm/module_job:268:25)\n' +
    '    at async onImport.tracePromise.__proto__ (node:internal/modules/esm/loader:543:26)\n' +
    '    at async asyncRunEntryPointWithESMLoader (node:internal/modules/run_main:116:5)',
  level: 'error',
  service: 'user-service'
}
{
  service: 'user-service',
  level: 'error',
  message: 'Error: Unhandled Exception\n' +
    '    at file:///C:/Users/ADITHYA/Desktop/myproject/index.js:15:7\n' +
    '    at ModuleJob.run (node:internal/modules/esm/module_job:268:25)\n' +
    '    at async onImport.tracePromise.__proto__ (node:internal/modules/esm/loader:543:26)\n' +
    '    at async asyncRunEntryPointWithESMLoader (node:internal/modules/run_main:116:5)'
}
